<?xml version="1.0" encoding="UTF-8"?>
<!-- Generated by org.testng.reporters.JUnitXMLReporter -->
<testsuite ignored="0" hostname="DESKTOP-DKP1646" failures="0" tests="4" name="Test" time="154.994" errors="0" timestamp="2024-03-25T14:33:59 IST">
  <testcase classname="Test.Tc_002Login" name="login" time="48.015"/>
  <testcase classname="Test.Tc_002Login" name="login" time="37.557"/>
  <testcase classname="Test.Tc_002Login" name="login" time="32.24"/>
  <testcase classname="Test.Tc_002Login" name="login" time="32.371"/>
</testsuite> <!-- Test -->
