<?xml version="1.0" encoding="UTF-8"?>
<testng-results ignored="0" total="4" passed="4" failed="0" skipped="0">
  <reporter-output>
  </reporter-output>
  <suite started-at="2024-03-25T14:31:21 IST" name="Suite" finished-at="2024-03-25T14:33:56 IST" duration-ms="154994">
    <groups>
    </groups>
    <test started-at="2024-03-25T14:31:21 IST" name="Test" finished-at="2024-03-25T14:33:56 IST" duration-ms="154994">
      <class name="Test.Tc_002Login">
        <test-method signature="login(java.lang.String,java.lang.String)[pri:0, instance:Test.Tc_002Login@503f91c3]" started-at="2024-03-25T14:31:26 IST" name="login" data-provider="readdata" finished-at="2024-03-25T14:32:14 IST" duration-ms="48015" status="PASS">
          <params>
            <param index="0">
              <value>
                <![CDATA[anandhamoorthi@gmail.com]]>
              </value>
            </param>
            <param index="1">
              <value>
                <![CDATA[Moorthi@05]]>
              </value>
            </param>
          </params>
          <reporter-output>
          </reporter-output>
        </test-method> <!-- login -->
        <test-method signature="login(java.lang.String,java.lang.String)[pri:0, instance:Test.Tc_002Login@503f91c3]" started-at="2024-03-25T14:32:14 IST" name="login" data-provider="readdata" finished-at="2024-03-25T14:32:52 IST" duration-ms="37557" status="PASS">
          <params>
            <param index="0">
              <value>
                <![CDATA[anandhakumarak11@gmail.com]]>
              </value>
            </param>
            <param index="1">
              <value>
                <![CDATA[Moorthi]]>
              </value>
            </param>
          </params>
          <reporter-output>
          </reporter-output>
        </test-method> <!-- login -->
        <test-method signature="login(java.lang.String,java.lang.String)[pri:0, instance:Test.Tc_002Login@503f91c3]" started-at="2024-03-25T14:32:52 IST" name="login" data-provider="readdata" finished-at="2024-03-25T14:33:24 IST" duration-ms="32240" status="PASS">
          <params>
            <param index="0">
              <value>
                <![CDATA[anandhamoorthi@gmail.com]]>
              </value>
            </param>
            <param index="1">
              <value>
                <![CDATA[Moorthi]]>
              </value>
            </param>
          </params>
          <reporter-output>
          </reporter-output>
        </test-method> <!-- login -->
        <test-method signature="login(java.lang.String,java.lang.String)[pri:0, instance:Test.Tc_002Login@503f91c3]" started-at="2024-03-25T14:33:24 IST" name="login" data-provider="readdata" finished-at="2024-03-25T14:33:56 IST" duration-ms="32371" status="PASS">
          <params>
            <param index="0">
              <value>
                <![CDATA[anandhakumarak11@gmail.com]]>
              </value>
            </param>
            <param index="1">
              <value>
                <![CDATA[Moorthi@05]]>
              </value>
            </param>
          </params>
          <reporter-output>
          </reporter-output>
        </test-method> <!-- login -->
      </class> <!-- Test.Tc_002Login -->
    </test> <!-- Test -->
  </suite> <!-- Suite -->
</testng-results>
